<?xml version="1.0" encoding="UTF-8" standalone="no"?>
<testsuite failures="0" name="cucumber.runtime.formatter.JUnitFormatter" skipped="0" tests="1" time="15.955784">
<testcase classname="Free CRM login Page" name="Test cases to Login to the Site" time="15.955784">
<system-out><![CDATA[Given user is on the login page.............................................passed
When Get the title of the login page........................................passed
Then user enters username and password......................................passed
Then user clicks login button...............................................passed
Then Get the title of the Home page.........................................passed
]]></system-out>
</testcase>
</testsuite>
