<?xml version="1.0" encoding="UTF-8" standalone="no"?>
<testsuite failures="0" name="cucumber.runtime.formatter.JUnitFormatter" skipped="0" tests="1" time="16.285141">
<testcase classname="Move to Deals page" name="Test case to move from Home page to Deals" time="16.285141">
<system-out><![CDATA[Given userx is on the login page............................................passed
When users enters "savyamaddineni" and "Welcome@1"..........................passed
Then users clicks login button..............................................passed
Then user clicks on deals...................................................passed
]]></system-out>
</testcase>
</testsuite>
